SH SERIES C/C++ Compiler (V.9.02.00.003)                                                         08-Sep-2023 13:46:35  PAGE    1

************ OBJECT LISTING ************

FILE NAME: C:\Users\SeijiYamazaki\Documents\Quickgene\Soft_Firm\QuickGene_Project2\tskint.c

SCT OFFSET   CODE       C LABEL     INSTRUCTION OPERAND    COMMENT

             tskint.c          1    /******************************************************************************
             tskint.c          2    * ＩＮＴコマンド監視タスク                                                    *
             tskint.c          3    *                                                                             *
             tskint.c          4    * File name : tskint.c                                                        *
             tskint.c          5    *                                                                             *
             tskint.c          6    * Copyright (c) 2018 NICHIRYO Co., Ltd.                                       *
             tskint.c          7    *                                                                             *
             tskint.c          8    ******************************************************************************/
             tskint.c          9    #include <kernel.h>
             tskint.c         10    #include "sh7237.h"
             tskint.c         11    #include "iodefine.h"
             tskint.c         12    #include "define.h"
             tskint.c         13    #include "datastruct.h"
             tskint.c         14    #include "sub.h"
             tskint.c         15    #include "tskint.h"
             tskint.c         16    #include "automachine.h"
             tskint.c         17    #include "tblchr.h"
             tskint.c         18    #include "mnet.h"
             tskint.c         19    #include "tskcmd.h"
             tskint.c         20    
             tskint.c         21    
             tskint.c         22    //*************************************
             tskint.c         23    // 関数定義
             tskint.c         24    //*************************************
             tskint.c         25    static void InttskInit();
             tskint.c         26    static void IntInfoSet(T_CMD_MSG* mrcv);
             tskint.c         27    static void IntProc();
             tskint.c         28    static void IntTrgAction(ST_INTCNTL *cntl);
             tskint.c         29    static BOOL MotStopChk( UB pm, UB trg );
             tskint.c         30    static ER IntTrgChk(ST_INTCNTL *cntl);
             tskint.c         31    
             tskint.c         32    
             tskint.c         33    //*************************************
             tskint.c         34    // テーブル
             tskint.c         35    //*************************************
             tskint.c         36    
             tskint.c         37    
             tskint.c         38    //*************************************
             tskint.c         39    // データ定義
             tskint.c         40    //*************************************
             tskint.c         41    static    UB                  ChDataOld[MAX_CH+1];                        // 2020/2/12 １はじまり対応
             tskint.c         42    static    ST_INTCNTL          stCntl[MAX_CH+1];                           // 2020/2/12 １はじまり対応
             tskint.c         43    static    ST_CNTLDATA         rspdat;
             tskint.c         44    
             tskint.c         45    /***********************************************************************
             tskint.c         46    * ｘｘｘ
             tskint.c         47    * 
             tskint.c         48    * [概要]
             tskint.c         49    * ｘｘｘ
             tskint.c         50    * 
             tskint.c         51    ***********************************************************************/
             tskint.c         52    TASK TskInt( void )
P   00000000              _TskInt:                         ; function: TskInt
                                                           ; frame size=4
    00000000 7FFC                   ADD         #-4,R15
             tskint.c         53    {
             tskint.c         54        T_CMD_MSG*  msg;
             tskint.c         55      ER          err;
             tskint.c         56    
             tskint.c         57      InttskInit();                                                       // ＩＮＴコマンド情報初期化処理
    00000002 B016                   BSR         __$InttskInit
    00000004 0009                   NOP
    00000006 DE88                   MOV.L       L64,R14    ; _v4_trcv_mbx
    00000008 DC88                   MOV.L       L64+4,R12  ; L106
    0000000A DD89                   MOV.L       L64+8,R13  ; _api_rel_mpf
    0000000C              L11:
             tskint.c         58      
             tskint.c         59      for( ;; )
             tskint.c         60        {
             tskint.c         61            // コマンド待ち
             tskint.c         62            err = trcv_mbx( ID_MBX_INT, (T_MSG**)&msg, DLY_1M );
    0000000C E601                   MOV         #1,R6      ; H'00000001
    0000000E E40B                   MOV         #11,R4     ; H'0000000B
    00000010 4E0B                   JSR         @R14
    00000012 65F3                   MOV         R15,R5
             tskint.c         63    
             tskint.c         64          if( err == E_TMOUT )
    00000014 88CE                   CMP/EQ      #-50,R0
    00000016 8B03                   BF          L13
             tskint.c         65          {
             tskint.c         66              // INT監視処理
             tskint.c         67              IntProc();
    00000018 B044                   BSR         __$IntProc
    0000001A 0009                   NOP
    0000001C AFF6                   BRA         L11
    0000001E 0009                   NOP
    00000020              L13:
             tskint.c         68              continue;
             tskint.c         69          }
             tskint.c         70          else
             tskint.c         71          {
             tskint.c         72              // INT情報セット
             tskint.c         73              IntInfoSet(msg);
    00000020 B021                   BSR         __$IntInfoSet
    00000022 64F2                   MOV.L       @R15,R4    ; msg
    00000024 67F2                   MOV.L       @R15,R7    ; msg
             tskint.c         74          }
             tskint.c         75          
             tskint.c         76          RelMpf( ID_MPF_INT, (VP)msg );                                  // メモリ解放
    00000026 E60A                   MOV         #10,R6     ; H'0000000A
    00000028 E54C                   MOV         #76,R5     ; H'0000004C
    0000002A 4D0B                   JSR         @R13
    0000002C 64C3                   MOV         R12,R4
    0000002E AFED                   BRA         L11
    00000030 0009                   NOP
             tskint.c         77        }
             tskint.c         78    }
             tskint.c         79    
             tskint.c         80    /***********************************************************************
             tskint.c         81    * 
             tskint.c         82    * [概要]  ＩＮＴコマンド情報初期化処理
             tskint.c         83    * [引数]  メッセージデータ
             tskint.c         84    * [戻値]  −
             tskint.c         85    * 
             tskint.c         86    ***********************************************************************/
             tskint.c         87    static void InttskInit()
    00000032              __$InttskInit:                   ; function: __$InttskInit
                                                           ; frame size=12
    00000032 4DF0                   MOVMU.L     R13,@-R15
    00000034 EDFF                   MOV         #-1,R13    ; H'FFFFFFFF
    00000036 E609                   MOV         #9,R6      ; H'00000009
             tskint.c         88    {
             tskint.c         89      INT     Loop;
             tskint.c         90    
             tskint.c         91      memset( &stCntl,      DEFDAT,  sizeof( stCntl ) );
    00000038 DE7E                   MOV.L       L64+12,R14 ; __$stCntl
    0000003A 6DDC                   EXTU.B      R13,R13
    0000003C 4618                   SHLL8       R6
    0000003E 64E3                   MOV         R14,R4
    00000040 7E28                   ADD         #40,R14
    00000042 D17D                   MOV.L       L64+16,R1  ; _memset
    00000044 410B                   JSR         @R1
    00000046 65D3                   MOV         R13,R5
    00000048 E640                   MOV         #64,R6     ; H'00000040
             tskint.c         92      memset( &ChDataOld,   DEFDAT,  sizeof( ChDataOld ) );
    0000004A D47C                   MOV.L       L64+20,R4  ; __$ChDataOld
    0000004C D77A                   MOV.L       L64+16,R7  ; _memset
    0000004E 470B                   JSR         @R7
    00000050 65D3                   MOV         R13,R5
    00000052 66E3                   MOV         R14,R6
             tskint.c         93    
             tskint.c         94      for( Loop = MIN_CH; Loop <= INMAX; Loop++ ) // 2020/2/12 １はじまり対応
    00000054 E201                   MOV         #1,R2      ; H'00000001
    00000056 E50A                   MOV         #10,R5     ; H'0000000A
    00000058              L16:
             tskint.c         95      {
             tskint.c         96          stCntl[Loop].intinf.nn = Loop;
    00000058 2620                   MOV.B       R2,@R6     ; stCntl[].nn
    0000005A 7201                   ADD         #1,R2
    0000005C 3257                   CMP/GT      R5,R2
    0000005E 8FFB                   BF/S        L16
    00000060 7624                   ADD         #36,R6
    00000062 4DF4                   MOVMU.L     @R15+,R13
             tskint.c         97      }
             tskint.c         98    }
    00000064 006B                   RTS/N
             tskint.c         99    
             tskint.c        100    /***********************************************************************
             tskint.c        101    * 
             tskint.c        102    * [概要]  ＩＮＴコマンド情報設定処理
             tskint.c        103    * [引数]  メッセージデータ
             tskint.c        104    * [戻値]  −
             tskint.c        105    * 
             tskint.c        106    ***********************************************************************/
             tskint.c        107    static void IntInfoSet(T_CMD_MSG* mrcv)
    00000066              __$IntInfoSet:                   ; function: __$IntInfoSet
                                                           ; frame size=0
             tskint.c        108    {
             tskint.c        109      UB      ch;
             tskint.c        110    
             tskint.c        111      ch  = mrcv->msgdata.inf;
             tskint.c        112    
             tskint.c        113      stCntl[ch].tskid = mrcv->msgdata.tskid;
    00000066 3141801C               MOVU.B      @(28,R4),R1; (mrcv)->inf
    0000006A E024                   MOV         #36,R0     ; H'00000024
    0000006C 5545                   MOV.L       @(20,R4),R5; (mrcv)->tskid
    0000006E 4180                   MULR        R0,R1
    00000070 6013                   MOV         R1,R0
    00000072 D170                   MOV.L       L64+12,R1  ; __$stCntl
    00000074 0154                   MOV.B       R5,@(R0,R1); stCntl[].tskid
    00000076 6713                   MOV         R1,R7
             tskint.c        114      stCntl[ch].prid1  = mrcv->msgdata.prid1;
    00000078 32414018               MOV.B       @(24:12,R4),R2; (mrcv)->prid1
    0000007C 7701                   ADD         #1,R7
    0000007E 6513                   MOV         R1,R5
    00000080 0724                   MOV.B       R2,@(R0,R7); stCntl[].prid1
    00000082 7502                   ADD         #2,R5
             tskint.c        115      stCntl[ch].bcid  = mrcv->msgdata.bcid;
    00000084 3741401A               MOV.B       @(26:12,R4),R7; (mrcv)->bcid
    00000088 6613                   MOV         R1,R6
    0000008A 7603                   ADD         #3,R6
    0000008C 0574                   MOV.B       R7,@(R0,R5); stCntl[].bcid
    0000008E 7104                   ADD         #4,R1
             tskint.c        116      stCntl[ch].msgid = mrcv->msgdata.msgid;
    00000090 3741401B               MOV.B       @(27:12,R4),R7; (mrcv)->msgid
             tskint.c        117      
             tskint.c        118      // memcpy(コピー先アドレス、コピー元アドレス、コピーサイズ)
             tskint.c        119      memcpy( &stCntl[ch].intinf, &mrcv->msgdata.data[0], sizeof(ST_INTINF) );
    00000094 7424                   ADD         #36,R4
    00000096 310C                   ADD         R0,R1
    00000098 0674                   MOV.B       R7,@(R0,R6); stCntl[].msgid
    0000009A E620                   MOV         #32,R6     ; H'00000020
    0000009C 6543                   MOV         R4,R5
    0000009E D268                   MOV.L       L64+24,R2  ; _memcpy
    000000A0 422B                   JMP         @R2
    000000A2 6413                   MOV         R1,R4
             tskint.c        120    }
             tskint.c        121    
             tskint.c        122    /***********************************************************************
             tskint.c        123    * 
             tskint.c        124    * [概要]  ＩＮＴコマンド監視
             tskint.c        125    * [引数]  メッセージデータ
             tskint.c        126    * [戻値]  −
             tskint.c        127    * 
             tskint.c        128    ***********************************************************************/
             tskint.c        129    static void IntProc()
    000000A4              __$IntProc:                      ; function: __$IntProc
                                                           ; frame size=20
    000000A4 4BF0                   MOVMU.L     R11,@-R15
    000000A6 EBF1                   MOV         #-15,R11   ; H'FFFFFFF1
    000000A8 EE3F                   MOV         #63,R14    ; H'0000003F
    000000AA 6BBC                   EXTU.B      R11,R11
    000000AC ED24                   MOV         #36,R13    ; H'00000024
             tskint.c        130    {
             tskint.c        131      INT     Loop;
             tskint.c        132      
             tskint.c        133      for( Loop = MIN_CH; Loop <= MAX_CH; Loop++ )    // 2020/2/12 １はじまり対応
    000000AE DC61                   MOV.L       L64+12,R12 ; __$stCntl
    000000B0              L20:
             tskint.c        134      {
             tskint.c        135          // トリガ成立か？
             tskint.c        136          if( IntTrgChk(&stCntl[Loop]) != E_CONTINUE )
    000000B0 64C3                   MOV         R12,R4
    000000B2 B0F7                   BSR         __$IntTrgChk
    000000B4 34DC                   ADD         R13,R4
    000000B6 30B0                   CMP/EQ      R11,R0
    000000B8 8902                   BT          L22
             tskint.c        137          {
             tskint.c        138              // トリガ成立時の処理実行
             tskint.c        139              IntTrgAction( &stCntl[Loop] );
    000000BA 64C3                   MOV         R12,R4
    000000BC B005                   BSR         __$IntTrgAction
    000000BE 34DC                   ADD         R13,R4
    000000C0              L22:
    000000C0 4E10                   DT          R14
    000000C2 8FF5                   BF/S        L20
    000000C4 7D24                   ADD         #36,R13
    000000C6 4BF4                   MOVMU.L     @R15+,R11
             tskint.c        140          }
             tskint.c        141      }
             tskint.c        142    }
    000000C8 006B                   RTS/N
             tskint.c        143    /***********************************************************************
             tskint.c        144    * 
             tskint.c        145    * [概要]  ＩＮＴコマンドトリガ成立時の処理実行
             tskint.c        146    * [引数]  メッセージデータ
             tskint.c        147    * [戻値]  −
             tskint.c        148    * 
             tskint.c        149    ***********************************************************************/
             tskint.c        150    static void IntTrgAction(ST_INTCNTL *cntl)
    000000CA              __$IntTrgAction:                 ; function: __$IntTrgAction
                                                           ; frame size=72
    000000CA 48F0                   MOVMU.L     R8,@-R15
    000000CC 7FE4                   ADD         #-28,R15
             tskint.c        151    {
             tskint.c        152      UB inpHL;
             tskint.c        153      INT     Loop;
             tskint.c        154      INT     SubLoop;
             tskint.c        155      INT     chloop;
             tskint.c        156      UB      chno;
             tskint.c        157      UB      motstop;
             tskint.c        158      UB      outdat;
             tskint.c        159      UB      outch;
             tskint.c        160      UB      chkbit;
             tskint.c        161      BOOL    stopflg;
             tskint.c        162    
             tskint.c        163      if( cntl->intinf.nn == DEFDAT )     return;
    000000CE 8444                   MOV.B       @(4,R4),R0 ; (cntl)->nn
    000000D0 E1FF                   MOV         #-1,R1     ; H'FFFFFFFF
    000000D2 3010                   CMP/EQ      R1,R0
    000000D4 8F02                   BF/S        L105
    000000D6 2F42                   MOV.L       R4,@R15    ; cntl
    000000D8 A08D                   BRA         L26
    000000DA 0009                   NOP
    000000DC              L105:
    000000DC 6EF2                   MOV.L       @R15,R14   ; cntl
             tskint.c        164    
             tskint.c        165      chloop = (MAX_CH / 8) + 1;
             tskint.c        166    
             tskint.c        167      // トリガ成立時の処理
             tskint.c        168      for( Loop = 0; Loop < chloop; Loop++ )
    000000DE E100                   MOV         #0,R1      ; H'00000000
    000000E0 E708                   MOV         #8,R7      ; H'00000008
    000000E2 1F11                   MOV.L       R1,@(4,R15); Loop
    000000E4 64E3                   MOV         R14,R4
    000000E6 7408                   ADD         #8,R4
    000000E8 65E3                   MOV         R14,R5
    000000EA 7E18                   ADD         #24,R14
    000000EC 7510                   ADD         #16,R5
    000000EE 1F72                   MOV.L       R7,@(8,R15)
    000000F0 1F43                   MOV.L       R4,@(12,R15)
    000000F2 1F54                   MOV.L       R5,@(16,R15)
    000000F4 1FE5                   MOV.L       R14,@(20,R15)
    000000F6              L27:
             tskint.c        169      {
             tskint.c        170          chkbit = 0x01;
             tskint.c        171          motstop = cntl->intinf.mmm[Loop] ;
             tskint.c        172          outdat  = cntl->intinf.dat[Loop] ;
    000000F6 59F4                   MOV.L       @(16,R15),R9
    000000F8 6013                   MOV         R1,R0
             tskint.c        173          outch   = cntl->intinf.msk[Loop] ;
    000000FA 5AF5                   MOV.L       @(20,R15),R10
    000000FC EC01                   MOV         #1,R12     ; H'00000001
    000000FE 56F3                   MOV.L       @(12,R15),R6
    00000100 029C                   MOV.B       @(R0,R9),R2; cntl->dat[]
    00000102 09AC                   MOV.B       @(R0,R10),R9; cntl->msk[]
    00000104 086C                   MOV.B       @(R0,R6),R8; cntl->mmm[]
    00000106 622C                   EXTU.B      R2,R2
    00000108 4108                   SHLL2       R1
    0000010A 1F26                   MOV.L       R2,@(24,R15)
    0000010C 4100                   SHLL        R1
    0000010E EB08                   MOV         #8,R11     ; H'00000008
    00000110 6A13                   MOV         R1,R10
    00000112              L29:
             tskint.c        174    
             tskint.c        175          for( SubLoop = 0; SubLoop < 8; SubLoop++ )
             tskint.c        176          {
             tskint.c        177              // CH番号
             tskint.c        178              chno = ( Loop * 8 ) + SubLoop + 1;
             tskint.c        179              stopflg = MotStopChk( chno, cntl->intinf.trg ) ;
    00000112 6EF2                   MOV.L       @R15,R14   ; cntl
    00000114 64A3                   MOV         R10,R4
    00000116 7401                   ADD         #1,R4
    00000118 84E5                   MOV.B       @(5,R14),R0; (cntl)->trg
             tskint.c        180              
             tskint.c        181              // モータ停止( = 1 )
             tskint.c        182              if(( motstop & chkbit ))
    0000011A 6ECC                   EXTU.B      R12,R14
    0000011C 6D43                   MOV         R4,R13
    0000011E B06D                   BSR         __$MotStopChk
    00000120 6503                   MOV         R0,R5
    00000122 28E8                   TST         R14,R8
    00000124 8904                   BT          L31
             tskint.c        183              {
             tskint.c        184                  // 停止対象方向のモータか？
             tskint.c        185                  if( stopflg == TRUE )
    00000126 8801                   CMP/EQ      #1,R0
    00000128 8B02                   BF          L31
             tskint.c        186                  {
             tskint.c        187                      motor_ABORT( chno );
    0000012A D246                   MOV.L       L64+28,R2  ; _motor_ABORT
    0000012C 420B                   JSR         @R2
    0000012E 64DC                   EXTU.B      R13,R4
    00000130              L31:
             tskint.c        188                  }
             tskint.c        189              }
             tskint.c        190    
             tskint.c        191              // 出力対象( = 1 )
             tskint.c        192              if(( outch & chkbit ))
    00000130 29E8                   TST         R14,R9
    00000132 8909                   BT          L34
    00000134 56F6                   MOV.L       @(24,R15),R6
             tskint.c        193              {
             tskint.c        194                  // 出力データＨ
             tskint.c        195                  if(( outdat  & chkbit ))
    00000136 64DC                   EXTU.B      R13,R4
    00000138 D243                   MOV.L       L64+32,R2  ; _pio_BOUT
    0000013A 26E8                   TST         R14,R6
    0000013C 8D03                   BT/S        L36
    0000013E 0539                   MOVRT       R5
             tskint.c        196                  {
             tskint.c        197                      pio_BOUT( chno, TRUE );
    00000140 424B                   JSR/N       @R2
    00000142 A001                   BRA         L34
    00000144 0009                   NOP
    00000146              L36:
             tskint.c        198                  }
             tskint.c        199                  // 出力データＬ
             tskint.c        200                  else
             tskint.c        201                  {
             tskint.c        202                      pio_BOUT( chno, FALSE );
    00000146 424B                   JSR/N       @R2
    00000148              L34:
             tskint.c        203                  }
             tskint.c        204              }
             tskint.c        205    
             tskint.c        206              chkbit = ( chkbit << 1 );
    00000148 4E20                   SHAL        R14
    0000014A 4B10                   DT          R11
    0000014C 6AAC                   EXTU.B      R10,R10
    0000014E 6CE3                   MOV         R14,R12
    00000150 8FDF                   BF/S        L29
    00000152 7A01                   ADD         #1,R10
    00000154 51F1                   MOV.L       @(4,R15),R1; Loop
    00000156 57F2                   MOV.L       @(8,R15),R7
    00000158 7101                   ADD         #1,R1
    0000015A 4710                   DT          R7
    0000015C 1F11                   MOV.L       R1,@(4,R15); Loop
    0000015E 8FCA                   BF/S        L27
    00000160 1F72                   MOV.L       R7,@(8,R15)
             tskint.c        207          }
             tskint.c        208      }
             tskint.c        209    
             tskint.c        210      // ブロックコマンドによる内部実行時はクリア
             tskint.c        211      if( cntl->bcid != NO_DATA )
    00000162 6EF2                   MOV.L       @R15,R14   ; cntl
    00000164 E1FF                   MOV         #-1,R1     ; H'FFFFFFFF
    00000166 84E2                   MOV.B       @(2,R14),R0; (cntl)->bcid
    00000168 3010                   CMP/EQ      R1,R0
    0000016A 8902                   BT          L40
             tskint.c        212      {
             tskint.c        213          // トリガ条件成立したのでトリガクリア
             tskint.c        214          cntl->intinf.trg = TRG_NM;
    0000016C 6EF2                   MOV.L       @R15,R14   ; cntl
    0000016E E000                   MOV         #0,R0      ; H'00000000
    00000170 80E5                   MOV.B       R0,@(5,R14); (cntl)->trg
    00000172              L40:
             tskint.c        215      }
             tskint.c        216    
             tskint.c        217      // 状態取得
             tskint.c        218      inpHL = pio_BIN( cntl->intinf.nn );
    00000172 6EF2                   MOV.L       @R15,R14   ; cntl
    00000174 34E18004               MOVU.B      @(4,R14),R4; (cntl)->nn
    00000178 DB34                   MOV.L       L64+36,R11 ; _pio_BIN
    0000017A 4B4B                   JSR/N       @R11
             tskint.c        219      
             tskint.c        220      // レスポンス送信
             tskint.c        221      // 応答メッセージ作成
             tskint.c        222      CmdMakeResponseInt( &rspdat,
             tskint.c        223                          PARAM3,                                 // パラメータ数
             tskint.c        224                          STRTBL_MSG[ID_MSG_INTRPT],              // コマンド文字列
             tskint.c        225                          cntl->intinf.nn,                        // 
             tskint.c        226    
             tskint.c        227                          inpHL                                   // 
             tskint.c        228                      );
    0000017C 6C0C                   EXTU.B      R0,R12
    0000017E 2FC6                   MOV.L       R12,@-R15
    00000180 E503                   MOV         #3,R5      ; H'00000003
    00000182 DD33                   MOV.L       L64+40,R13 ; H'00000060+_STRTBL_MSG
    00000184 37E18004               MOVU.B      @(4,R14),R7; (cntl)->nn
    00000188 D432                   MOV.L       L64+44,R4  ; __$rspdat
    0000018A D833                   MOV.L       L64+48,R8  ; _CmdMakeResponseInt
    0000018C 480B                   JSR         @R8
    0000018E 66D2                   MOV.L       @R13,R6    ; STRTBL_MSG[]
             tskint.c        229    
             tskint.c        230      // 基本コマンドの場合は以下の処理
             tskint.c        231      if( cntl->bcid == NO_DATA )
    00000190 84E2                   MOV.B       @(2,R14),R0; (cntl)->bcid
    00000192 E1FF                   MOV         #-1,R1     ; H'FFFFFFFF
    00000194 3010                   CMP/EQ      R1,R0
    00000196 8F1B                   BF/S        L42
    00000198 7F04                   ADD         #4,R15
             tskint.c        232      {
             tskint.c        233          SendResponse( &rspdat );
    0000019A D42E                   MOV.L       L64+44,R4  ; __$rspdat
    0000019C D92F                   MOV.L       L64+52,R9  ; _SendResponse
    0000019E 490B                   JSR         @R9
    000001A0 6EF2                   MOV.L       @R15,R14   ; cntl
             tskint.c        234    
             tskint.c        235          // 
             tskint.c        236          // CMDTSKに Interruptによる停止を通知する必要あり、関連する管理データをクリアするため
             tskint.c        237          // 
             tskint.c        238    
             tskint.c        239          // 停止モータ情報をコピー
             tskint.c        240          memcpy( &rspdat.rsp.buf[0], &cntl->intinf.mmm[0], 8 );
    000001A2 65E3                   MOV         R14,R5
    000001A4 7508                   ADD         #8,R5
    000001A6 D42E                   MOV.L       L64+56,R4  ; H'0000009C+__$rspdat
    000001A8 DA25                   MOV.L       L64+24,R10 ; _memcpy
    000001AA 4A0B                   JSR         @R10
    000001AC E608                   MOV         #8,R6      ; H'00000008
             tskint.c        241          
             tskint.c        242          // 応答メッセージ送信
             tskint.c        243          CmdEndResponse  (
             tskint.c        244                              ID_TSK_INT,
             tskint.c        245                              cntl->prid1,
             tskint.c        246                              NO_DATA,
             tskint.c        247                              cntl->msgid,
             tskint.c        248                              cntl->intinf.nn,
             tskint.c        249                              NO_DATA,
             tskint.c        250                              &rspdat
             tskint.c        251                          );
    000001AE D129                   MOV.L       L64+44,R1  ; __$rspdat
    000001B0 2F16                   MOV.L       R1,@-R15
    000001B2 E6FF                   MOV         #-1,R6     ; H'FFFFFFFF
    000001B4 666C                   EXTU.B      R6,R6
    000001B6 2F66                   MOV.L       R6,@-R15
    000001B8 30E18004               MOVU.B      @(4,R14),R0; (cntl)->nn
    000001BC 2F06                   MOV.L       R0,@-R15
    000001BE E40B                   MOV         #11,R4     ; H'0000000B
    000001C0 84E3                   MOV.B       @(3,R14),R0; (cntl)->msgid
    000001C2 6703                   MOV         R0,R7
    000001C4 84E1                   MOV.B       @(1,R14),R0; (cntl)->prid1
    000001C6 DB27                   MOV.L       L64+60,R11 ; _CmdEndResponse
    000001C8 4B0B                   JSR         @R11
    000001CA 6503                   MOV         R0,R5
    000001CC A013                   BRA         L26
    000001CE 7F0C                   ADD         #12,R15
    000001D0              L42:
             tskint.c        252      }
             tskint.c        253      // ＢＣコマンドの展開系のコマンドではない場合は以下の処理
             tskint.c        254      else
             tskint.c        255      {
             tskint.c        256          // 応答メッセージ送信
             tskint.c        257          CmdEndResponse  (
             tskint.c        258                              ID_TSK_INT,
             tskint.c        259                              cntl->prid1,
             tskint.c        260                              cntl->bcid,
             tskint.c        261                              cntl->msgid,
             tskint.c        262                              cntl->intinf.nn,
             tskint.c        263                              NO_DATA,
             tskint.c        264                              &rspdat
             tskint.c        265                          );
    000001D0 D120                   MOV.L       L64+44,R1  ; __$rspdat
    000001D2 2F16                   MOV.L       R1,@-R15
    000001D4 ECFF                   MOV         #-1,R12    ; H'FFFFFFFF
    000001D6 6CCC                   EXTU.B      R12,R12
    000001D8 2FC6                   MOV.L       R12,@-R15
    000001DA 5EF2                   MOV.L       @(8,R15),R14; cntl
    000001DC 30E18004               MOVU.B      @(4,R14),R0; (cntl)->nn
    000001E0 2F06                   MOV.L       R0,@-R15
    000001E2 E40B                   MOV         #11,R4     ; H'0000000B
    000001E4 84E3                   MOV.B       @(3,R14),R0; (cntl)->msgid
    000001E6 6703                   MOV         R0,R7
    000001E8 84E2                   MOV.B       @(2,R14),R0; (cntl)->bcid
    000001EA 6603                   MOV         R0,R6
    000001EC 84E1                   MOV.B       @(1,R14),R0; (cntl)->prid1
    000001EE D21D                   MOV.L       L64+60,R2  ; _CmdEndResponse
    000001F0 420B                   JSR         @R2
    000001F2 6503                   MOV         R0,R5
    000001F4 7F0C                   ADD         #12,R15
    000001F6              L26:
    000001F6 7F1C                   ADD         #28,R15
    000001F8 48F4                   MOVMU.L     @R15+,R8
             tskint.c        266      }
             tskint.c        267    
             tskint.c        268    
             tskint.c        269    
             tskint.c        270    }
    000001FA 006B                   RTS/N
             tskint.c        271    
             tskint.c        272    /***********************************************************************
             tskint.c        273    * 
             tskint.c        274    * [概要]  モータ停止チェック
             tskint.c        275    * [引数]  pm:モータ、trg:トリガ
             tskint.c        276    * [戻値]  TRUE:停止対象、FALSE:停止非対象
             tskint.c        277    * 
             tskint.c        278    ***********************************************************************/
             tskint.c        279    static BOOL MotStopChk( UB pm, UB trg )
    000001FC              __$MotStopChk:                   ; function: __$MotStopChk
                                                           ; frame size=16
    000001FC 4DF0                   MOVMU.L     R13,@-R15
    000001FE 7FFC                   ADD         #-4,R15
             tskint.c        280    {
             tskint.c        281      BOOL result = FALSE;
    00000200 6E53                   MOV         R5,R14
    00000202 E5F1                   MOV         #-15,R5    ; H'FFFFFFF1
    00000204 644C                   EXTU.B      R4,R4
    00000206 ED00                   MOV         #0,R13     ; H'00000000
    00000208 655C                   EXTU.B      R5,R5
             tskint.c        282      RSTS rsts;
             tskint.c        283      UB   sdir;
             tskint.c        284    
             tskint.c        285      // RSTS取得
             tskint.c        286      GetMotorRegister((UH)pm, RRG_RSTS, &rsts.UNID.data );
    0000020A D117                   MOV.L       L64+64,R1  ; _GetMotorRegister
    0000020C 410B                   JSR         @R1
    0000020E 66F3                   MOV         R15,R6
             tskint.c        287    
             tskint.c        288      // 動作方向取得
             tskint.c        289      sdir = ( rsts.UNID.BIT.SDIR )?  MINUS : PLUS;
    00000210 84F3                   MOV.B       @(3,R15),R0; (part of)rsts
    00000212 C810                   TST         #16,R0
    00000214 0239                   MOVRT       R2
             tskint.c        290    
             tskint.c        291      switch(trg)
    00000216 66EC                   EXTU.B      R14,R6
    00000218 E40F                   MOV         #15,R4     ; H'0000000F
    0000021A 3646                   CMP/HI      R4,R6
    0000021C 893E                   BT          L63
    0000021E 4600                   SHLL        R6
    00000220 C712                   MOVA        L65,R0
    00000222 006D                   MOV.W       @(R0,R6),R0
    00000224 0023                   BRAF        R0
    00000226 0009                   NOP
    00000228              L64:
    00000228 <00000000>             .DATA.L     _v4_trcv_mbx
    0000022C <00000000>             .DATA.L     L106
    00000230 <00000000>             .DATA.L     _api_rel_mpf
    00000234 <00000000>             .DATA.L     __$stCntl
    00000238 <00000000>             .DATA.L     _memset
    0000023C <00000000>             .DATA.L     __$ChDataOld
    00000240 <00000000>             .DATA.L     _memcpy
    00000244 <00000000>             .DATA.L     _motor_ABORT
    00000248 <00000000>             .DATA.L     _pio_BOUT
    0000024C <00000000>             .DATA.L     _pio_BIN
    00000250 <00000060>             .DATA.L     H'00000060+_STRTBL_MSG
    00000254 <00000000>             .DATA.L     __$rspdat
    00000258 <00000000>             .DATA.L     _CmdMakeResponseInt
    0000025C <00000000>             .DATA.L     _SendResponse
    00000260 <0000009C>             .DATA.L     H'0000009C+__$rspdat
    00000264 <00000000>             .DATA.L     _CmdEndResponse
    00000268 <00000000>             .DATA.L     _GetMotorRegister
    0000026C              L65:
    0000026C 0074                   .DATA.W     L45-L64
    0000026E 0072                   .DATA.W     L46-L64
    00000270 0064                   .DATA.W     L51-L64
    00000272 006C                   .DATA.W     L56-L64
    00000274 0072                   .DATA.W     L47-L64
    00000276 0064                   .DATA.W     L52-L64
    00000278 006C                   .DATA.W     L57-L64
    0000027A 0072                   .DATA.W     L48-L64
    0000027C 0064                   .DATA.W     L53-L64
    0000027E 006C                   .DATA.W     L58-L64
    00000280 0072                   .DATA.W     L49-L64
    00000282 0064                   .DATA.W     L54-L64
    00000284 006C                   .DATA.W     L59-L64
    00000286 0072                   .DATA.W     L50-L64
    00000288 0064                   .DATA.W     L55-L64
    0000028A 006C                   .DATA.W     L60-L64
    0000028C              L51:
    0000028C              L52:
    0000028C              L53:
    0000028C              L54:
    0000028C              L55:
             tskint.c        292      {
             tskint.c        293          case TRG_NM:                                                    // 0  N ：通常入力設定(割込設定解除) 
             tskint.c        294              // 対象なし
             tskint.c        295              break;
             tskint.c        296          case TRG_HD:                                                    // 1  HD：High入力状態の間、CW/CCW両方向共に一時停止
             tskint.c        297          case TRG_LD:                                                    // 4  LD：Low入力状態の間、CW/CCW両方向共に一時停止
             tskint.c        298          case TRG_UD:                                                    // 7  UD：立ち上がりエッジ検出時、CW/CCW両方向共に一時停止
             tskint.c        299          case TRG_DD:                                                    // 10 DD：立ち下がりエッジ検出時、CW/CCW両方向共に一時停止
             tskint.c        300          case TRG_ED:                                                    // 13 ED：立ち上がり／立ち下がりエッジ検出時、CW/CCW両方向共に一時停止
             tskint.c        301              result = TRUE;
             tskint.c        302              break;
             tskint.c        303          case TRG_HP:                                                    // 2  H+：High入力状態の間、CW方向のみ一時停止
             tskint.c        304          case TRG_LP:                                                    // 5  L+：Low入力状態の間、CW方向のみ一時停止
             tskint.c        305          case TRG_UP:                                                    // 8  U+：立ち上がりエッジ検出時、CW方向のみ一時停止
             tskint.c        306          case TRG_DP:                                                    // 11 D+：立ち下がりエッジ検出時、CW方向のみ一時停止
             tskint.c        307          case TRG_EP:                                                    // 14 E+：立ち上がり／立ち下がりエッジ検出時、CW方向のみ一時停止
             tskint.c        308              if( sdir == PLUS )  result = TRUE;
    0000028C 2228                   TST         R2,R2
    0000028E 8904                   BT          L67
    00000290 A004                   BRA         L63
    00000292 0009                   NOP
    00000294              L56:
    00000294              L57:
    00000294              L58:
    00000294              L59:
    00000294              L60:
             tskint.c        309              break;
             tskint.c        310          case TRG_HM:                                                    // 3  H-：High入力状態の間、CCW方向のみ一時停止
             tskint.c        311          case TRG_LM:                                                    // 6  L-：Low入力状態の間、CCW方向のみ一時停止
             tskint.c        312          case TRG_UM:                                                    // 9  U-：立ち上がりエッジ検出時、CCW方向のみ一時停止
             tskint.c        313          case TRG_DM:                                                    // 12 D-：立ち下がりエッジ検出時、CCW方向のみ一時停止
             tskint.c        314          case TRG_EM:                                                    // 15 E-：立ち上がり／立ち下がりエッジ検出時、CCW方向のみ一時停止
             tskint.c        315              if( sdir == MINUS ) result = TRUE;
    00000294 6023                   MOV         R2,R0
    00000296 8801                   CMP/EQ      #1,R0
    00000298 8B00                   BF          L63
    0000029A              L46:
    0000029A              L47:
    0000029A              L48:
    0000029A              L49:
    0000029A              L50:
    0000029A              L67:
    0000029A ED01                   MOV         #1,R13     ; H'00000001
    0000029C              L45:
    0000029C              L63:
             tskint.c        316              break;
             tskint.c        317      }
             tskint.c        318      return( result);
    0000029C 60D3                   MOV         R13,R0
    0000029E 7F04                   ADD         #4,R15
    000002A0 4DF4                   MOVMU.L     @R15+,R13
             tskint.c        319    }
    000002A2 006B                   RTS/N
             tskint.c        320    
             tskint.c        321    /***********************************************************************
             tskint.c        322    * 
             tskint.c        323    * [概要]  ＩＮＴコマンド監視
             tskint.c        324    * [引数]  メッセージデータ
             tskint.c        325    * [戻値]  −
             tskint.c        326    * 
             tskint.c        327    ***********************************************************************/
             tskint.c        328    static ER IntTrgChk(ST_INTCNTL *cntl)
    000002A4              __$IntTrgChk:                    ; function: __$IntTrgChk
                                                           ; frame size=16
    000002A4 4CF0                   MOVMU.L     R12,@-R15
             tskint.c        329    {
             tskint.c        330      UB sts;
             tskint.c        331      ER result = E_CONTINUE;
    000002A6 6E43                   MOV         R4,R14
    000002A8 E7FF                   MOV         #-1,R7     ; H'FFFFFFFF
             tskint.c        332    
             tskint.c        333    
             tskint.c        334      // 未接続
             tskint.c        335      if( cntl->intinf.nn == DEFDAT )     return( result );
    000002AA 34418004               MOVU.B      @(4,R4),R4 ; (cntl)->nn
    000002AE 677C                   EXTU.B      R7,R7
    000002B0 EDF1                   MOV         #-15,R13   ; H'FFFFFFF1
    000002B2 3470                   CMP/EQ      R7,R4
    000002B4 8D4C                   BT/S        L89
    000002B6 6DDC                   EXTU.B      R13,R13
             tskint.c        336    
             tskint.c        337      // 状態取得
             tskint.c        338      sts = pio_BIN( cntl->intinf.nn );
    000002B8 D10C                   MOV.L       L94,R1     ; _pio_BIN
    000002BA 414B                   JSR/N       @R1
             tskint.c        339    
             tskint.c        340      // 最初の一発目
             tskint.c        341      if( ChDataOld[cntl->intinf.nn] == DEFDAT )
    000002BC 35E18004               MOVU.B      @(4,R14),R5; (cntl)->nn
    000002C0 D70B                   MOV.L       L94+4,R7   ; __$ChDataOld
    000002C2 660C                   EXTU.B      R0,R6
    000002C4 ECFF                   MOV         #-1,R12    ; H'FFFFFFFF
    000002C6 6053                   MOV         R5,R0
    000002C8 027C                   MOV.B       @(R0,R7),R2; ChDataOld[]
    000002CA 6CCC                   EXTU.B      R12,R12
    000002CC 672C                   EXTU.B      R2,R7
    000002CE 37C0                   CMP/EQ      R12,R7
    000002D0 8B02                   BF          L91
             tskint.c        342      {
             tskint.c        343          ChDataOld[cntl->intinf.nn] = sts;
    000002D2 D207                   MOV.L       L94+4,R2   ; __$ChDataOld
    000002D4 A03C                   BRA         L89
    000002D6 0264                   MOV.B       R6,@(R0,R2); ChDataOld[]
    000002D8              L91:
             tskint.c        344          return( result );
             tskint.c        345      }
             tskint.c        346    
             tskint.c        347      switch(cntl->intinf.trg)
    000002D8 34E18005               MOVU.B      @(5,R14),R4; (cntl)->trg
    000002DC E20F                   MOV         #15,R2     ; H'0000000F
    000002DE 3426                   CMP/HI      R2,R4
    000002E0 8933                   BT          L93
    000002E2 4400                   SHLL        R4
    000002E4 C703                   MOVA        L95,R0
    000002E6 004D                   MOV.W       @(R0,R4),R0
    000002E8 0023                   BRAF        R0
    000002EA 0009                   NOP
    000002EC              L94:
    000002EC <00000000>             .DATA.L     _pio_BIN
    000002F0 <00000000>             .DATA.L     __$ChDataOld
    000002F4              L95:
    000002F4 005E                   .DATA.W     L86-L94
    000002F6 0028                   .DATA.W     L71-L94
    000002F8 0028                   .DATA.W     L72-L94
    000002FA 0028                   .DATA.W     L73-L94
    000002FC 0032                   .DATA.W     L74-L94
    000002FE 0032                   .DATA.W     L75-L94
    00000300 0032                   .DATA.W     L76-L94
    00000302 003A                   .DATA.W     L77-L94
    00000304 003A                   .DATA.W     L78-L94
    00000306 003A                   .DATA.W     L79-L94
    00000308 0048                   .DATA.W     L80-L94
    0000030A 0048                   .DATA.W     L81-L94
    0000030C 0048                   .DATA.W     L82-L94
    0000030E 0056                   .DATA.W     L83-L94
    00000310 0056                   .DATA.W     L84-L94
    00000312 0056                   .DATA.W     L85-L94
    00000314              L71:
    00000314              L72:
    00000314              L73:
             tskint.c        348      {
             tskint.c        349          case TRG_HD:                                                    // HD  ：High入力状態の間、CW/CCW両方向共に一時停止
             tskint.c        350          case TRG_HP:                                                    // H+  ：High入力状態の間、CW方向のみ一時停止
             tskint.c        351          case TRG_HM:                                                    // H-  ：High入力状態の間、CCW方向のみ一時停止
             tskint.c        352              if(( ChDataOld[cntl->intinf.nn] == SET )&&( sts == SET ))
    00000314 6073                   MOV         R7,R0
    00000316 8801                   CMP/EQ      #1,R0
    00000318 8907                   BT          L97
    0000031A A016                   BRA         L93
    0000031C 0009                   NOP
    0000031E              L74:
    0000031E              L75:
    0000031E              L76:
             tskint.c        353              {
             tskint.c        354                  result = E_SUCCESS;
             tskint.c        355              }
             tskint.c        356              break;
             tskint.c        357          case TRG_LD:                                                    // LD  ：Low入力状態の間、CW/CCW両方向共に一時停止
             tskint.c        358          case TRG_LP:                                                    // L+  ：Low入力状態の間、CW方向のみ一時停止
             tskint.c        359          case TRG_LM:                                                    // L-  ：Low入力状態の間、CCW方向のみ一時停止
             tskint.c        360              if(( ChDataOld[cntl->intinf.nn] == CLR )&&( sts == CLR ))
    0000031E 2778                   TST         R7,R7
    00000320 890B                   BT          L99
    00000322 A012                   BRA         L93
    00000324 0009                   NOP
    00000326              L77:
    00000326              L78:
    00000326              L79:
             tskint.c        361              {
             tskint.c        362                  result = E_SUCCESS;
             tskint.c        363              }
             tskint.c        364              break;
             tskint.c        365    
             tskint.c        366          case TRG_UD:                                                    // UD  ：立ち上がりエッジ検出時、CW/CCW両方向共に一時停止
             tskint.c        367          case TRG_UP:                                                    // U+  ：立ち上がりエッジ検出時、CW方向のみ一時停止
             tskint.c        368          case TRG_UM:                                                    // U-  ：立ち上がりエッジ検出時、CCW方向のみ一時停止
             tskint.c        369              if(( ChDataOld[cntl->intinf.nn] == CLR )&&( sts == SET ))
    00000326 2778                   TST         R7,R7
    00000328 8B0F                   BF          L93
    0000032A              L97:
    0000032A 6063                   MOV         R6,R0
    0000032C 8801                   CMP/EQ      #1,R0
    0000032E 890B                   BT          L101
    00000330 A00B                   BRA         L93
    00000332 0009                   NOP
    00000334              L80:
    00000334              L81:
    00000334              L82:
             tskint.c        370              {
             tskint.c        371                  result = E_SUCCESS;
             tskint.c        372              }
             tskint.c        373              break;
             tskint.c        374    
             tskint.c        375          case TRG_DD:                                                    // DD  ：立ち下がりエッジ検出時、CW/CCW両方向共に一時停止
             tskint.c        376          case TRG_DP:                                                    // D+  ：立ち下がりエッジ検出時、CW方向のみ一時停止
             tskint.c        377          case TRG_DM:                                                    // D-  ：立ち下がりエッジ検出時、CCW方向のみ一時停止
             tskint.c        378              if(( ChDataOld[cntl->intinf.nn] == SET )&&( sts == CLR ))
    00000334 6073                   MOV         R7,R0
    00000336 8801                   CMP/EQ      #1,R0
    00000338 8B07                   BF          L93
    0000033A              L99:
    0000033A 2668                   TST         R6,R6
    0000033C 8904                   BT          L101
    0000033E A004                   BRA         L93
    00000340 0009                   NOP
    00000342              L83:
    00000342              L84:
    00000342              L85:
             tskint.c        379              {
             tskint.c        380                  result = E_SUCCESS;
             tskint.c        381              }
             tskint.c        382              break;
             tskint.c        383    
             tskint.c        384          case TRG_ED:                                                    // ED  ：立ち上がり／立ち下がりエッジ検出時、CW/CCW両方向共に一時停止
             tskint.c        385          case TRG_EP:                                                    // E+  ：立ち上がり／立ち下がりエッジ検出時、CW方向のみ一時停止
             tskint.c        386          case TRG_EM:                                                    // E-  ：立ち上がり／立ち下がりエッジ検出時、CCW方向のみ一時停止
             tskint.c        387              if( (ChDataOld[cntl->intinf.nn]^sts) )
    00000342 276A                   XOR         R6,R7
    00000344 2778                   TST         R7,R7
    00000346 8900                   BT          L93
    00000348              L101:
    00000348 ED00                   MOV         #0,R13     ; H'00000000
    0000034A              L86:
    0000034A              L93:
             tskint.c        388              {
             tskint.c        389                  result = E_SUCCESS;
             tskint.c        390              }
             tskint.c        391              break;
             tskint.c        392          case TRG_NM:                                                    // N   ：通常入力設定(割込設定解除) 
             tskint.c        393          default:
             tskint.c        394              break;
             tskint.c        395      }
             tskint.c        396    
             tskint.c        397      ChDataOld[cntl->intinf.nn] = sts;
    0000034A D203                   MOV.L       L104+2,R2  ; __$ChDataOld
    0000034C 6053                   MOV         R5,R0
    0000034E 0264                   MOV.B       R6,@(R0,R2); ChDataOld[]
    00000350              L89:
    00000350 60D3                   MOV         R13,R0
    00000352 4CF4                   MOVMU.L     @R15+,R12
             tskint.c        398    
             tskint.c        399      return( result );
             tskint.c        400    }
    00000354 006B                   RTS/N
    00000356              L104:
    00000356 00000002               .RES.W      1
    00000358 <00000000>             .DATA.L     __$ChDataOld
             tskint.c        401    
C   00000000              L106:
    00000000 433A5C5573             .SDATA      "C:\Users\SeijiYamazaki\Documents\Quickgene\Soft_Firm\QuickGene_Project2\tskint.c"
             6572735C53   
             65696A6959   
             616D617A61   
             6B695C446F   
             63756D656E   
             74735C5175   
             69636B6765   
             6E655C536F   
             66745F4669   
             726D5C5175   
             69636B4765   
             6E655F5072   
             6F6A656374   
             325C74736B   
             696E742E63   
    00000050 00                     .DATA.B     H'00
B   00000000              __$ChDataOld:                    ; static: __$ChDataOld
    00000000 00000001               .RES.B      64
    00000040              __$stCntl:                       ; static: __$stCntl
    00000040 00000004               .RES.L      576
    00000940              __$rspdat:                       ; static: __$rspdat
    00000940 00000004               .RES.L      71
SH SERIES C/C++ Compiler (V.9.02.00.003)                                                         08-Sep-2023 13:46:35  PAGE    1


******** STATISTICS INFORMATION ********


********** ERROR INFORMATION ***********

NUMBER OF ERRORS:           0
NUMBER OF WARNINGS:         0




******* SOURCE LINE INFORMATION ********

COMPILED SOURCE LINE:      401



******* SECTION SIZE INFORMATION *******

PROGRAM  SECTION (P):                                 0000035C Byte(s)
CONSTANT SECTION (C):                                 00000051 Byte(s)
DATA     SECTION (D):                                 00000000 Byte(s)
BSS      SECTION (B):                                 00000A5C Byte(s)

TOTAL PROGRAM  SECTION: 0000035C Byte(s)
TOTAL CONSTANT SECTION: 00000051 Byte(s)
TOTAL DATA     SECTION: 00000000 Byte(s)
TOTAL BSS      SECTION: 00000A5C Byte(s)

    TOTAL PROGRAM SIZE: 00000E09 Byte(s)



********** LABEL INFORMATION ***********

NUMBER OF EXTERNAL REFERENCE SYMBOLS:           12
NUMBER OF EXTERNAL DEFINITION SYMBOLS:           1
NUMBER OF INTERNAL/EXTERNAL SYMBOLS:            73



*** COMMAND PARAMETER ***

-subcommand=C:\Users\SeijiYamazaki\Documents\Quickgene\Soft_Firm\QuickGene_Project2\Debug\tskint.shc
-cpu=sh2a
-include="C:\NORTi\INC","C:\NORTi\INC\Dummy","C:\NORTi\INC","C:\NORTi\LIB"
-object="C:\Users\SeijiYamazaki\Documents\Quickgene\Soft_Firm\QuickGene_Project2\Debug\tskint.obj"
-debug
-listfile="C:\Users\SeijiYamazaki\Documents\Quickgene\Soft_Firm\QuickGene_Project2\Debug\tskint.lst"
-show=source,tab=4
-gbr=auto
-chgincpath
-errorpath
"C:\Users\SeijiYamazaki\Documents\Quickgene\Soft_Firm\QuickGene_Project2\tskint.c"
-global_volatile=0
-opt_range=all
-infinite_loop=0
-del_vacant_loop=0
-struct_alloc=1
-lang=c
-nologo
