SH SERIES C/C++ Compiler (V.9.02.00.003)                                                         08-Sep-2023 13:46:37  PAGE    1

************ OBJECT LISTING ************

FILE NAME: C:\Users\SeijiYamazaki\Documents\Quickgene\Soft_Firm\QuickGene_Project2\tsktx0.c

SCT OFFSET   CODE       C LABEL     INSTRUCTION OPERAND    COMMENT

             tsktx0.c          1    /******************************************************************************
             tsktx0.c          2    * ＰＣ通信送信タスク(SIO0)                                                    *
             tsktx0.c          3    *                                                                             *
             tsktx0.c          4    * File name : tsktx0.c                                                        *
             tsktx0.c          5    *                                                                             *
             tsktx0.c          6    * Copyright (c) 2018 NICHIRYO Co., Ltd.                                       *
             tsktx0.c          7    *                                                                             *
             tsktx0.c          8    ******************************************************************************/
             tsktx0.c          9    #include <kernel.h>
             tsktx0.c         10    #include "sh7237.h"
             tsktx0.c         11    #include "iodefine.h"
             tsktx0.c         12    #include "define.h"
             tsktx0.c         13    #include "datastruct.h"
             tsktx0.c         14    #include "sub.h"
             tsktx0.c         15    #include "machine.h"//debug
             tsktx0.c         16    #include "tskcmd.h"
             tsktx0.c         17    #include "tblchr.h"
             tsktx0.c         18    
             tsktx0.c         19    
             tsktx0.c         20    //*************************************
             tsktx0.c         21    // 関数定義
             tsktx0.c         22    //*************************************
             tsktx0.c         23    static void Tx0Proc(T_CMD_MSG* mrcv);
             tsktx0.c         24    static void Tx0Send( UB senddata );
             tsktx0.c         25    static void Tx0Init();
             tsktx0.c         26    static void Tx0Proc2();
             tsktx0.c         27    static void Tx0RunLSend();
             tsktx0.c         28    
             tsktx0.c         29    
             tsktx0.c         30    //*************************************
             tsktx0.c         31    // テーブル
             tsktx0.c         32    //*************************************
             tsktx0.c         33    
             tsktx0.c         34    
             tsktx0.c         35    //*************************************
             tsktx0.c         36    // データ定義
             tsktx0.c         37    //*************************************
             tsktx0.c         38    static UB         Sendbuff[640];                          // 送信バッファ
             tsktx0.c         39    static UB         wkbuff[512];                            // 送信バッファ
             tsktx0.c         40    
             tsktx0.c         41    /******************************************************************************
             tsktx0.c         42    * 
             tsktx0.c         43    * [概要]  ＰＣ通信送信タスク
             tsktx0.c         44    *             装置からＰＣへデータ送信を行う
             tsktx0.c         45    * 
             tsktx0.c         46    * 
             tsktx0.c         47    ******************************************************************************/
             tsktx0.c         48    TASK TskTx0( void )
P   00000000              _TskTx0:                         ; function: TskTx0
                                                           ; frame size=4
    00000000 7FFC                   ADD         #-4,R15
             tsktx0.c         49    {
             tsktx0.c         50      T_CMD_MSG*  msg;
             tsktx0.c         51      ER          err;
             tsktx0.c         52      UB          msgid;
             tsktx0.c         53      INT         siz;
             tsktx0.c         54    
             tsktx0.c         55      Tx0Init();
    00000002 B073                   BSR         __$Tx0Init
    00000004 0009                   NOP
    00000006 DA5B                   MOV.L       L64+2,R10  ; __$Sendbuff
    00000008 DE5B                   MOV.L       L64+6,R14  ; _v4_trcv_mbx
    0000000A DB5C                   MOV.L       L64+10,R11 ; _GetPsnsData
    0000000C DC5C                   MOV.L       L64+14,R12 ; L66
    0000000E DD5D                   MOV.L       L64+18,R13 ; _api_rel_mpf
    00000010              L21:
             tsktx0.c         56    
             tsktx0.c         57      for( ;; )
             tsktx0.c         58      {
             tsktx0.c         59          // 送信メッセージの受信
             tsktx0.c         60          err = rcv_mbx( ID_MBX_TX0, (T_MSG**)&msg );
    00000010 E6FF                   MOV         #-1,R6     ; H'FFFFFFFF
    00000012 E402                   MOV         #2,R4      ; H'00000002
    00000014 4E0B                   JSR         @R14
    00000016 65F3                   MOV         R15,R5
             tsktx0.c         61          if( E_OK != err )
    00000018 2008                   TST         R0,R0
    0000001A 8BF9                   BF          L21
             tsktx0.c         62          {
             tsktx0.c         63              continue;
             tsktx0.c         64          }
             tsktx0.c         65    
             tsktx0.c         66          msgid = msg->msgdata.msgid;
             tsktx0.c         67          
             tsktx0.c         68          switch( msgid )
    0000001C 64F2                   MOV.L       @R15,R4    ; msg
    0000001E 3041801B               MOVU.B      @(27,R4),R0; (msg)->msgid
    00000022 881D                   CMP/EQ      #29,R0
    00000024 890F                   BT          L24
    00000026 881E                   CMP/EQ      #30,R0
    00000028 890D                   BT          L24
    0000002A 881F                   CMP/EQ      #31,R0
    0000002C 890B                   BT          L24
    0000002E 8820                   CMP/EQ      #32,R0
    00000030 8909                   BT          L24
    00000032 8821                   CMP/EQ      #33,R0
    00000034 8907                   BT          L24
    00000036 8822                   CMP/EQ      #34,R0
    00000038 8905                   BT          L24
    0000003A 8823                   CMP/EQ      #35,R0
    0000003C 8903                   BT          L24
    0000003E 8828                   CMP/EQ      #40,R0
    00000040 8907                   BT          L31
    00000042 A00A                   BRA         L32
    00000044 0009                   NOP
    00000046              L24:
             tsktx0.c         69          {
             tsktx0.c         70              case ID_MSG_VALVEINI_HS:
             tsktx0.c         71              case ID_MSG_PRESSINI_HS:
             tsktx0.c         72              case ID_MSG_PRESSREN_HS:
             tsktx0.c         73              case ID_MSG_PRESSTAN_HS:
             tsktx0.c         74              case ID_MSG_PRESSCAN_HS:
             tsktx0.c         75              case ID_MSG_VALVEOUT_HS:
             tsktx0.c         76              case ID_MSG_PRESSURE_HS:
             tsktx0.c         77                  siz = GetPsnsData(&Sendbuff[0]);
    00000046 4B0B                   JSR         @R11
    00000048 64A3                   MOV         R10,R4
             tsktx0.c         78                  Tx0Proc2( siz );
    0000004A B072                   BSR         __$Tx0Proc2
    0000004C 6403                   MOV         R0,R4
    0000004E A006                   BRA         L33
    00000050 0009                   NOP
    00000052              L31:
             tsktx0.c         79                  break;
             tsktx0.c         80              
             tsktx0.c         81              case ID_MSG_EXPRUNL:
             tsktx0.c         82                  Tx0RunLSend();
    00000052 B00B                   BSR         __$Tx0RunLSend
    00000054 0009                   NOP
    00000056 A002                   BRA         L33
    00000058 0009                   NOP
    0000005A              L32:
             tsktx0.c         83                  break;
             tsktx0.c         84              
             tsktx0.c         85              default:
             tsktx0.c         86                  Tx0Proc( msg );
    0000005A B048                   BSR         __$Tx0Proc
    0000005C 0009                   NOP
    0000005E              L33:
    0000005E 67F2                   MOV.L       @R15,R7    ; msg
             tsktx0.c         87                  break;
             tsktx0.c         88          }
             tsktx0.c         89    
             tsktx0.c         90          // メモリ解放
             tsktx0.c         91          RelMpf( ID_MPF_TX0, (VP)msg );
    00000060 E602                   MOV         #2,R6      ; H'00000002
    00000062 E55B                   MOV         #91,R5     ; H'0000005B
    00000064 4D0B                   JSR         @R13
    00000066 64C3                   MOV         R12,R4
    00000068 AFD2                   BRA         L21
    0000006A 0009                   NOP
             tsktx0.c         92      }
             tsktx0.c         93    }
             tsktx0.c         94    /******************************************************************************
             tsktx0.c         95    * 
             tsktx0.c         96    * [概要]  
             tsktx0.c         97    * 
             tsktx0.c         98    * 
             tsktx0.c         99    * 
             tsktx0.c        100    ******************************************************************************/
             tsktx0.c        101    static void Tx0RunLSend()
    0000006C              __$Tx0RunLSend:                  ; function: __$Tx0RunLSend
                                                           ; frame size=24
    0000006C 4DF0                   MOVMU.L     R13,@-R15
    0000006E 7FF8                   ADD         #-8,R15
    00000070 E602                   MOV         #2,R6      ; H'00000002
    00000072 E500                   MOV         #0,R5      ; H'00000000
             tsktx0.c        102    {
             tsktx0.c        103      INT siz;
             tsktx0.c        104      INT len;
             tsktx0.c        105      UB  bcc;
             tsktx0.c        106      UB  bcch;
             tsktx0.c        107      UB  bccl;
             tsktx0.c        108    
             tsktx0.c        109      memset( &wkbuff[0],    CLR,  sizeof( wkbuff ) );
    00000074 DE44                   MOV.L       L64+22,R14 ; __$wkbuff
    00000076 4618                   SHLL8       R6
    00000078 D144                   MOV.L       L64+26,R1  ; _memset
    0000007A 410B                   JSR         @R1
    0000007C 64E3                   MOV         R14,R4
             tsktx0.c        110      memset( &Sendbuff[0],  CLR,  sizeof( Sendbuff ) );
    0000007E DD3D                   MOV.L       L64+2,R13  ; __$Sendbuff
    00000080 E500                   MOV         #0,R5      ; H'00000000
    00000082 06000280               MOVI20      #640,R6    ; H'00000280
    00000086 D741                   MOV.L       L64+26,R7  ; _memset
    00000088 470B                   JSR         @R7
    0000008A 64D3                   MOV         R13,R4
             tsktx0.c        111      
             tsktx0.c        112      GetRunData(&wkbuff[0]);
    0000008C 64E3                   MOV         R14,R4
             tsktx0.c        113      sprintf( &Sendbuff[1], "%s,%04X,%s" , STRTBL_MSG[ID_MSG_EXPRUNL], E_SUCCESS, &wkbuff[8] );
    0000008E D140                   MOV.L       L64+30,R1  ; _GetRunData
    00000090 410B                   JSR         @R1
    00000092 7E08                   ADD         #8,R14
    00000094 2FE6                   MOV.L       R14,@-R15
    00000096 64D3                   MOV         R13,R4
    00000098 D53E                   MOV.L       L64+34,R5  ; H'000000A0+_STRTBL_MSG
    0000009A 6652                   MOV.L       @R5,R6     ; STRTBL_MSG[]
    0000009C 7401                   ADD         #1,R4
    0000009E D53E                   MOV.L       L64+38,R5  ; L69
    000000A0 DE3E                   MOV.L       L64+42,R14 ; _sprintf
    000000A2 4E0B                   JSR         @R14
    000000A4 E700                   MOV         #0,R7      ; H'00000000
    000000A6 7F04                   ADD         #4,R15
             tsktx0.c        114      Sendbuff[0] = STX;
    000000A8 E102                   MOV         #2,R1      ; H'00000002
    000000AA 2D10                   MOV.B       R1,@R13    ; Sendbuff[]
             tsktx0.c        115      
             tsktx0.c        116      len = strlen(&Sendbuff);
    000000AC D73C                   MOV.L       L64+46,R7  ; _strlen
    000000AE 470B                   JSR         @R7
    000000B0 64D3                   MOV         R13,R4
             tsktx0.c        117    
             tsktx0.c        118      Sendbuff[len] = ETX;
    000000B2 E103                   MOV         #3,R1      ; H'00000003
             tsktx0.c        119    
             tsktx0.c        120      bcc = CalcBCC( &Sendbuff[1], len);              // BCC計算
    000000B4 64D3                   MOV         R13,R4
    000000B6 0D14                   MOV.B       R1,@(R0,R13); Sendbuff[]
    000000B8 7401                   ADD         #1,R4
    000000BA 6E03                   MOV         R0,R14
    000000BC D239                   MOV.L       L64+50,R2  ; _CalcBCC
    000000BE 420B                   JSR         @R2
    000000C0 6503                   MOV         R0,R5
    000000C2 65F3                   MOV         R15,R5
    000000C4 7504                   ADD         #4,R5
    000000C6 6403                   MOV         R0,R4
             tsktx0.c        121      DectoHexASC( bcc, &bcch, &bccl );               // 10進数→16進数→ASC変換
    000000C8 D237                   MOV.L       L64+54,R2  ; _DectoHexASC
    000000CA 420B                   JSR         @R2
    000000CC 66F3                   MOV         R15,R6
    000000CE 84F4                   MOV.B       @(4,R15),R0; bcch
             tsktx0.c        122    
             tsktx0.c        123      Sendbuff[(len+1)] = bcch;                       // BCC1
    000000D0 62D3                   MOV         R13,R2
    000000D2 61F0                   MOV.B       @R15,R1    ; bccl
    000000D4 7201                   ADD         #1,R2
             tsktx0.c        124      Sendbuff[(len+2)] = bccl;                       // BCC2
    000000D6 7D02                   ADD         #2,R13
    000000D8 6703                   MOV         R0,R7
    000000DA 60E3                   MOV         R14,R0
    000000DC 0274                   MOV.B       R7,@(R0,R2); Sendbuff[]
    000000DE 0D14                   MOV.B       R1,@(R0,R13); Sendbuff[]
             tsktx0.c        125      
             tsktx0.c        126      siz = len+4;
             tsktx0.c        127      
             tsktx0.c        128      Tx0Proc2( siz );
    000000E0 7E04                   ADD         #4,R14
    000000E2 B026                   BSR         __$Tx0Proc2
    000000E4 64E3                   MOV         R14,R4
    000000E6 7F08                   ADD         #8,R15
    000000E8 4DF4                   MOVMU.L     @R15+,R13
             tsktx0.c        129    }
    000000EA 006B                   RTS/N
             tsktx0.c        130    
             tsktx0.c        131    /******************************************************************************
             tsktx0.c        132    * 
             tsktx0.c        133    * [概要]  ＰＣ通信送信
             tsktx0.c        134    * 
             tsktx0.c        135    * 
             tsktx0.c        136    * 
             tsktx0.c        137    ******************************************************************************/
             tsktx0.c        138    static void Tx0Init()
    000000EC              __$Tx0Init:                      ; function: __$Tx0Init
                                                           ; frame size=0
             tsktx0.c        139    {
             tsktx0.c        140    }
    000000EC 006B                   RTS/N
             tsktx0.c        141    
             tsktx0.c        142    /******************************************************************************
             tsktx0.c        143    * 
             tsktx0.c        144    * [概要]  PC通信送信処理
             tsktx0.c        145    * [引数]  メッセージデータ
             tsktx0.c        146    * [戻値]  なし
             tsktx0.c        147    * 
             tsktx0.c        148    ******************************************************************************/
             tsktx0.c        149    static void Tx0Proc(T_CMD_MSG* mrcv)
    000000EE              __$Tx0Proc:                      ; function: __$Tx0Proc
                                                           ; frame size=16
    000000EE 4CF0                   MOVMU.L     R12,@-R15
             tsktx0.c        150    {
             tsktx0.c        151      INT i;
             tsktx0.c        152      INT siz;
             tsktx0.c        153      UB  msg;
             tsktx0.c        154      UB  bcc;
             tsktx0.c        155      UB  bcch;
             tsktx0.c        156      UB  bccl;
             tsktx0.c        157    
             tsktx0.c        158      msg = mrcv->msgdata.msgid;
             tsktx0.c        159      switch(msg)
    000000F0 3041801B               MOVU.B      @(27,R4),R0; (mrcv)->msgid
    000000F4 8864                   CMP/EQ      #100,R0
    000000F6 8903                   BT          L47
    000000F8 8816                   CMP/EQ      #22,R0
    000000FA 8901                   BT          L47
    000000FC 8868                   CMP/EQ      #104,R0
    000000FE 8B0A                   BF          L49
    00000100              L47:
             tsktx0.c        160      {
             tsktx0.c        161          case ID_MSG_CMD:                                                // コマンドレスポンス
             tsktx0.c        162          case ID_MSG_EEPREAD:                                            // 
             tsktx0.c        163          case ID_MSG_RUNLOGERR:
             tsktx0.c        164              siz = mrcv->msgdata.siz;                                    // サイズ取得
    00000100 5C48                   MOV.L       @(32,R4),R12; (mrcv)->siz
    00000102 7424                   ADD         #36,R4
    00000104 6D43                   MOV         R4,R13
             tsktx0.c        165              for( i = 0; i < siz; i++ )                                  // サイズ分送信
    00000106 EE00                   MOV         #0,R14     ; H'00000000
    00000108              L50:
    00000108 3EC3                   CMP/GE      R12,R14
    0000010A 8910                   BT          L52
             tsktx0.c        166              {
             tsktx0.c        167                  Tx0Send( mrcv->msgdata.data[i] );
    0000010C 64D4                   MOV.B       @R13+,R4   ; mrcv->data[]
    0000010E B01C                   BSR         __$Tx0Send
    00000110 7E01                   ADD         #1,R14
    00000112 AFF9                   BRA         L50
    00000114 0009                   NOP
    00000116              L49:
    00000116 8817                   CMP/EQ      #23,R0
    00000118 8909                   BT          L52
    0000011A 8865                   CMP/EQ      #101,R0
    0000011C 8B03                   BF          L55
             tsktx0.c        168              }
             tsktx0.c        169              break;
             tsktx0.c        170          
             tsktx0.c        171          case ID_MSG_EEPWRIT:                                            // 
             tsktx0.c        172              break;
             tsktx0.c        173    
             tsktx0.c        174          case ID_MSG_ACK:                                                // ＡＣＫレスポンス
             tsktx0.c        175              Tx0Send( ACK );
    0000011E E406                   MOV         #6,R4      ; H'00000006
    00000120 4CF4                   MOVMU.L     @R15+,R12
    00000122 A012                   BRA         __$Tx0Send
    00000124 0009                   NOP
    00000126              L55:
             tsktx0.c        176              break;
             tsktx0.c        177          
             tsktx0.c        178          case ID_MSG_NAK:                                                // ＮＡＫレスポンス
             tsktx0.c        179          default:                                                        // 規定外
             tsktx0.c        180              Tx0Send( NAK );
    00000126 E415                   MOV         #21,R4     ; H'00000015
    00000128 4CF4                   MOVMU.L     @R15+,R12
    0000012A A00E                   BRA         __$Tx0Send
    0000012C 0009                   NOP
    0000012E              L52:
    0000012E 4CF4                   MOVMU.L     @R15+,R12
    00000130 006B                   RTS/N
             tsktx0.c        181              break;
             tsktx0.c        182      }
             tsktx0.c        183    }
             tsktx0.c        184    
             tsktx0.c        185    /******************************************************************************
             tsktx0.c        186    * 
             tsktx0.c        187    * [概要]  PC通信送信処理
             tsktx0.c        188    * [引数]  送信サイズ
             tsktx0.c        189    * [戻値]  なし
             tsktx0.c        190    * 
             tsktx0.c        191    ******************************************************************************/
             tsktx0.c        192    static void Tx0Proc2( INT siz )
    00000132              __$Tx0Proc2:                     ; function: __$Tx0Proc2
                                                           ; frame size=16
    00000132 4CF0                   MOVMU.L     R12,@-R15
             tsktx0.c        193    {
             tsktx0.c        194      INT         i;
             tsktx0.c        195      
             tsktx0.c        196      for( i = 0; i < siz; i++ )                                  // サイズ分送信
    00000134 6C43                   MOV         R4,R12
    00000136 DD0F                   MOV.L       L64+2,R13  ; __$Sendbuff
    00000138 A003                   BRA         L57
    0000013A EE00                   MOV         #0,R14     ; H'00000000
    0000013C              L58:
             tsktx0.c        197      {
             tsktx0.c        198          Tx0Send( Sendbuff[i] );
    0000013C 64D4                   MOV.B       @R13+,R4   ; Sendbuff[]
    0000013E B004                   BSR         __$Tx0Send
    00000140 7E01                   ADD         #1,R14
    00000142              L57:
    00000142 3EC3                   CMP/GE      R12,R14
    00000144 8BFA                   BF          L58
    00000146 4CF4                   MOVMU.L     @R15+,R12
             tsktx0.c        199      }
             tsktx0.c        200    }
    00000148 006B                   RTS/N
             tsktx0.c        201    /******************************************************************************
             tsktx0.c        202    * 
             tsktx0.c        203    * [概要]  データ送信
             tsktx0.c        204    * [引数]  送信データ
             tsktx0.c        205    * [戻値]  なし
             tsktx0.c        206    * 
             tsktx0.c        207    ******************************************************************************/
             tsktx0.c        208    static void Tx0Send( UB senddata )
    0000014A              __$Tx0Send:                      ; function: __$Tx0Send
                                                           ; frame size=12
    0000014A 4DF0                   MOVMU.L     R13,@-R15
    0000014C EE80                   MOV         #-128,R14  ; H'FFFFFF80
    0000014E 6D43                   MOV         R4,R13
    00000150 A003                   BRA         L61
    00000152 4E18                   SHLL8       R14
    00000154              L62:
             tsktx0.c        209    {
             tsktx0.c        210       int save_i;
             tsktx0.c        211    
             tsktx0.c        212        // 割込み禁止処理
             tsktx0.c        213    //x    save_i = get_imask();
             tsktx0.c        214    //x   set_imask(0x0f);
             tsktx0.c        215    
             tsktx0.c        216    //    rx_disable();
             tsktx0.c        217    
             tsktx0.c        218      while( 0 == SCI0.SCSSR.BIT.TDRE )
             tsktx0.c        219      {
             tsktx0.c        220          sio_CheckError( &SCI0 );
    00000154 D215                   MOV.L       L64+58,R2  ; _sio_CheckError
    00000156 420B                   JSR         @R2
    00000158 64E3                   MOV         R14,R4
    0000015A              L61:
    0000015A 3E79B008               BLDNOT.B    #7,@(8,R14)
    0000015E 89F9                   BT          L62
    00000160 E400                   MOV         #0,R4      ; H'00000000
             tsktx0.c        221      }
             tsktx0.c        222      SCI0.SCTDR = senddata;
    00000162 60D3                   MOV         R13,R0
    00000164 80E6                   MOV.B       R0,@(6,R14)
             tsktx0.c        223      SCI0.SCSSR.BIT.TDRE = 0;
    00000166 3E790008               BCLR.B      #7,@(8,R14)
             tsktx0.c        224    
             tsktx0.c        225      rot_rdq( TPRI_SELF );
    0000016A D211                   MOV.L       L64+62,R2  ; _v4_rot_rdq
    0000016C 4DF4                   MOVMU.L     @R15+,R13
    0000016E 422B                   JMP         @R2
    00000170 0009                   NOP
    00000172              L64:
    00000172 00000002               .RES.W      1
    00000174 <00000000>             .DATA.L     __$Sendbuff
    00000178 <00000000>             .DATA.L     _v4_trcv_mbx
    0000017C <00000000>             .DATA.L     _GetPsnsData
    00000180 <00000000>             .DATA.L     L66
    00000184 <00000000>             .DATA.L     _api_rel_mpf
    00000188 <00000000>             .DATA.L     __$wkbuff
    0000018C <00000000>             .DATA.L     _memset
    00000190 <00000000>             .DATA.L     _GetRunData
    00000194 <000000A0>             .DATA.L     H'000000A0+_STRTBL_MSG
    00000198 <00000000>             .DATA.L     L69
    0000019C <00000000>             .DATA.L     _sprintf
    000001A0 <00000000>             .DATA.L     _strlen
    000001A4 <00000000>             .DATA.L     _CalcBCC
    000001A8 <00000000>             .DATA.L     _DectoHexASC
    000001AC <00000000>             .DATA.L     _sio_CheckError
    000001B0 <00000000>             .DATA.L     _v4_rot_rdq
             tsktx0.c        226    
             tsktx0.c        227    //    rx_enable();
             tsktx0.c        228    //x   set_imask(save_i);
             tsktx0.c        229    }
             tsktx0.c        230    
             tsktx0.c        231    
             tsktx0.c        232    
             tsktx0.c        233    
C   00000000              L66:
    00000000 433A5C5573             .SDATA      "C:\Users\SeijiYamazaki\Documents\Quickgene\Soft_Firm\QuickGene_Project2\tsktx0.c"
             6572735C53   
             65696A6959   
             616D617A61   
             6B695C446F   
             63756D656E   
             74735C5175   
             69636B6765   
             6E655C536F   
             66745F4669   
             726D5C5175   
             69636B4765   
             6E655F5072   
             6F6A656374   
             325C74736B   
             7478302E63   
    00000050 00                     .DATA.B     H'00
    00000051 00                     .DATAB.B    3,0
    00000054              L69:
    00000054 25732C2530             .SDATA      "%s,%04X,%s"
             34582C2573   
    0000005E 00                     .DATA.B     H'00
B   00000000              __$Sendbuff:                     ; static: __$Sendbuff
    00000000 00000001               .RES.B      640
    00000280              __$wkbuff:                       ; static: __$wkbuff
    00000280 00000001               .RES.B      512
SH SERIES C/C++ Compiler (V.9.02.00.003)                                                         08-Sep-2023 13:46:37  PAGE    1


******** STATISTICS INFORMATION ********


********** ERROR INFORMATION ***********

NUMBER OF ERRORS:           0
NUMBER OF WARNINGS:         0




******* SOURCE LINE INFORMATION ********

COMPILED SOURCE LINE:      233



******* SECTION SIZE INFORMATION *******

PROGRAM  SECTION (P):                                 000001B4 Byte(s)
CONSTANT SECTION (C):                                 0000005F Byte(s)
DATA     SECTION (D):                                 00000000 Byte(s)
BSS      SECTION (B):                                 00000480 Byte(s)

TOTAL PROGRAM  SECTION: 000001B4 Byte(s)
TOTAL CONSTANT SECTION: 0000005F Byte(s)
TOTAL DATA     SECTION: 00000000 Byte(s)
TOTAL BSS      SECTION: 00000480 Byte(s)

    TOTAL PROGRAM SIZE: 00000693 Byte(s)



********** LABEL INFORMATION ***********

NUMBER OF EXTERNAL REFERENCE SYMBOLS:           12
NUMBER OF EXTERNAL DEFINITION SYMBOLS:           1
NUMBER OF INTERNAL/EXTERNAL SYMBOLS:            30



*** COMMAND PARAMETER ***

-subcommand=C:\Users\SeijiYamazaki\Documents\Quickgene\Soft_Firm\QuickGene_Project2\Debug\tsktx0.shc
-cpu=sh2a
-include="C:\NORTi\INC","C:\NORTi\INC\Dummy","C:\NORTi\INC","C:\NORTi\LIB"
-object="C:\Users\SeijiYamazaki\Documents\Quickgene\Soft_Firm\QuickGene_Project2\Debug\tsktx0.obj"
-debug
-listfile="C:\Users\SeijiYamazaki\Documents\Quickgene\Soft_Firm\QuickGene_Project2\Debug\tsktx0.lst"
-show=source,tab=4
-gbr=auto
-chgincpath
-errorpath
"C:\Users\SeijiYamazaki\Documents\Quickgene\Soft_Firm\QuickGene_Project2\tsktx0.c"
-global_volatile=0
-opt_range=all
-infinite_loop=0
-del_vacant_loop=0
-struct_alloc=1
-lang=c
-nologo
