SH SERIES C/C++ Compiler (V.9.04.03.000)                                                         07-Sep-2023 20:41:39  PAGE    1

************ OBJECT LISTING ************

FILE NAME: C:\WorkSpace\QuickGene\Soft_Firm\QuickGene_Project\tsktxEx.c

SCT OFFSET   CODE       C LABEL     INSTRUCTION OPERAND    COMMENT

            tsktxEx.c          1    /******************************************************************************
            tsktxEx.c          2    * シリアル通信拡張用 送信タスク                                               *
            tsktxEx.c          3    *                                                                             *
            tsktxEx.c          4    * File name : tsktx2.c                                                        *
            tsktxEx.c          5    *                                                                             *
            tsktxEx.c          6    * Copyright (c) 2018 NICHIRYO Co., Ltd.                                       *
            tsktxEx.c          7    *                                                                             *
            tsktxEx.c          8    ******************************************************************************/
            tsktxEx.c          9    #include <kernel.h>
            tsktxEx.c         10    #include "sh7237.h"
            tsktxEx.c         11    #include "iodefine.h"
            tsktxEx.c         12    #include "define.h"
            tsktxEx.c         13    #include "datastruct.h"
            tsktxEx.c         14    #include "sub.h"
            tsktxEx.c         15    #include "tskcmd.h"
            tsktxEx.c         16    
            tsktxEx.c         17    /***********************************************************************
            tsktxEx.c         18    *  関数定義
            tsktxEx.c         19    ***********************************************************************/
            tsktxEx.c         20    static void Tx2Proc(T_CMD_MSG* mrcv);                                 // 拡張シリアル送信処理
            tsktxEx.c         21    static void Tx2Send( UB senddata );                                       // シリアル２データ送信
            tsktxEx.c         22    
            tsktxEx.c         23    
            tsktxEx.c         24    /***********************************************************************
            tsktxEx.c         25    * データ定義
            tsktxEx.c         26    ***********************************************************************/
            tsktxEx.c         27    
            tsktxEx.c         28    
            tsktxEx.c         29    
            tsktxEx.c         30    
            tsktxEx.c         31    /******************************************************************************
            tsktxEx.c         32    * 拡張シリアル通信タスク
            tsktxEx.c         33    * 
            tsktxEx.c         34    * [概要]
            tsktxEx.c         35    * 拡張シリアル通信にてデータ送信を行う
            tsktxEx.c         36    * 
            tsktxEx.c         37    * 
            tsktxEx.c         38    ******************************************************************************/
            tsktxEx.c         39    TASK TskTxEx( void )
P   00000000              _TskTxEx:                        ; function: TskTxEx
                                                           ; frame size=4
    00000000 7FFC                   ADD         #-4,R15
    00000002 DE2D                   MOV.L       L46+2,R14  ; _v4_trcv_mbx
    00000004 DC2D                   MOV.L       L46+6,R12  ; L47
    00000006 DD2E                   MOV.L       L46+10,R13 ; _api_rel_mpf
    00000008              L11:
            tsktxEx.c         40    {
            tsktxEx.c         41      T_CMD_MSG*  msg;
            tsktxEx.c         42      ER          err;
            tsktxEx.c         43    
            tsktxEx.c         44      for( ;; )
            tsktxEx.c         45      {
            tsktxEx.c         46          // 送信メッセージの受信
            tsktxEx.c         47          err = rcv_mbx( ID_TSK_TXEX, (T_MSG**)&msg );
    00000008 E6FF                   MOV         #-1,R6     ; H'FFFFFFFF
    0000000A E404                   MOV         #4,R4      ; H'00000004
    0000000C 4E0B                   JSR         @R14
    0000000E 65F3                   MOV         R15,R5
            tsktxEx.c         48          if( E_OK != err )
    00000010 2008                   TST         R0,R0
    00000012 8BF9                   BF          L11
            tsktxEx.c         49          {
            tsktxEx.c         50              continue;
            tsktxEx.c         51          }
            tsktxEx.c         52          Tx2Proc(msg);
    00000014 B007                   BSR         __$Tx2Proc
    00000016 64F2                   MOV.L       @R15,R4    ; msg
    00000018 67F2                   MOV.L       @R15,R7    ; msg
            tsktxEx.c         53    
            tsktxEx.c         54          // メモリ解放
            tsktxEx.c         55          RelMpf( ID_MPF_TXEX, (VP)msg );
    0000001A E603                   MOV         #3,R6      ; H'00000003
    0000001C E537                   MOV         #55,R5     ; H'00000037
    0000001E 4D0B                   JSR         @R13
    00000020 64C3                   MOV         R12,R4
    00000022 AFF1                   BRA         L11
    00000024 0009                   NOP
            tsktxEx.c         56      }
            tsktxEx.c         57    }
            tsktxEx.c         58    
            tsktxEx.c         59    /******************************************************************************
            tsktxEx.c         60    * 
            tsktxEx.c         61    * [概要]  拡張シリアル２通信送信処理
            tsktxEx.c         62    * 
            tsktxEx.c         63    * 
            tsktxEx.c         64    * 
            tsktxEx.c         65    ******************************************************************************/
            tsktxEx.c         66    static void Tx2Proc( T_CMD_MSG* mrcv )
    00000026              __$Tx2Proc:                      ; function: __$Tx2Proc
                                                           ; frame size=16
    00000026 4CF0                   MOVMU.L     R12,@-R15
            tsktxEx.c         67    {
            tsktxEx.c         68      UB          msg;
            tsktxEx.c         69      INT         i;
            tsktxEx.c         70      INT         siz;
            tsktxEx.c         71    
            tsktxEx.c         72      msg = mrcv->msgdata.msgid;
            tsktxEx.c         73      
            tsktxEx.c         74      switch(msg)
    00000028 3041801B               MOVU.B      @(27,R4),R0; (mrcv)->msgid
    0000002C 8864                   CMP/EQ      #100,R0
    0000002E 8B0A                   BF          L26
            tsktxEx.c         75      {
            tsktxEx.c         76          case ID_MSG_CMD:                                                // コマンドレスポンス
            tsktxEx.c         77              siz = mrcv->msgdata.siz;                                    // サイズ取得
    00000030 5C48                   MOV.L       @(32,R4),R12; (mrcv)->siz
    00000032 7424                   ADD         #36,R4
    00000034 6D43                   MOV         R4,R13
            tsktxEx.c         78              for( i = 0; i < siz; i++ )                                  // サイズ分送信
    00000036 EE00                   MOV         #0,R14     ; H'00000000
    00000038              L28:
    00000038 3EC3                   CMP/GE      R12,R14
    0000003A 8926                   BT          L30
            tsktxEx.c         79              {
            tsktxEx.c         80                  Tx2Send( mrcv->msgdata.data[i] );
    0000003C 64D4                   MOV.B       @R13+,R4   ; mrcv->data[]
    0000003E B026                   BSR         __$Tx2Send
    00000040 7E01                   ADD         #1,R14
    00000042 AFF9                   BRA         L28
    00000044 0009                   NOP
    00000046              L26:
    00000046 8824                   CMP/EQ      #36,R0
    00000048 890D                   BT          L32
    0000004A 8825                   CMP/EQ      #37,R0
    0000004C 890B                   BT          L32
    0000004E 8826                   CMP/EQ      #38,R0
    00000050 8909                   BT          L32
    00000052 8827                   CMP/EQ      #39,R0
    00000054 8907                   BT          L32
    00000056 8828                   CMP/EQ      #40,R0
    00000058 8905                   BT          L32
    0000005A 8829                   CMP/EQ      #41,R0
    0000005C 8903                   BT          L32
    0000005E 8865                   CMP/EQ      #101,R0
    00000060 890B                   BT          L38
    00000062 A00E                   BRA         L39
    00000064 0009                   NOP
    00000066              L32:
            tsktxEx.c         81              }
            tsktxEx.c         82              break;
            tsktxEx.c         83          
            tsktxEx.c         84          case ID_MSG_IMPPDAT:
            tsktxEx.c         85          case ID_MSG_IMPSPED:
            tsktxEx.c         86          case ID_MSG_IMPPOSI:
            tsktxEx.c         87          case ID_MSG_IMPOPTN:
            tsktxEx.c         88          case ID_MSG_EXPRUNL:
            tsktxEx.c         89          case ID_MSG_EXPCOML:
            tsktxEx.c         90              siz = mrcv->msgdata.siz;                                    // サイズ取得
    00000066 5C48                   MOV.L       @(32,R4),R12; (mrcv)->siz
            tsktxEx.c         91              
            tsktxEx.c         92              for( i = 0; i < siz; i++ )                                  // サイズ分送信
    00000068 EE00                   MOV         #0,R14     ; H'00000000
    0000006A DD16                   MOV.L       L46+14,R13 ; _MentePcSendbuf
    0000006C              L40:
    0000006C 3EC3                   CMP/GE      R12,R14
    0000006E 890C                   BT          L30
            tsktxEx.c         93              {
            tsktxEx.c         94                  Tx2Send( MentePcSendbuf[i] );
    00000070 64D4                   MOV.B       @R13+,R4   ; MentePcSendbuf[]
    00000072 B00C                   BSR         __$Tx2Send
    00000074 7E01                   ADD         #1,R14
    00000076 AFF9                   BRA         L40
    00000078 0009                   NOP
    0000007A              L38:
            tsktxEx.c         95              }
            tsktxEx.c         96              break;
            tsktxEx.c         97          
            tsktxEx.c         98          case ID_MSG_ACK:                                                // ＡＣＫレスポンス
            tsktxEx.c         99              Tx2Send( ACK );
    0000007A E406                   MOV         #6,R4      ; H'00000006
    0000007C 4CF4                   MOVMU.L     @R15+,R12
    0000007E A006                   BRA         __$Tx2Send
    00000080 0009                   NOP
    00000082              L39:
            tsktxEx.c        100              break;
            tsktxEx.c        101    
            tsktxEx.c        102          case ID_MSG_NAK:                                                // ＮＡＫレスポンス
            tsktxEx.c        103          default:                                                        // 規定外
            tsktxEx.c        104              Tx2Send( NAK );
    00000082 E415                   MOV         #21,R4     ; H'00000015
    00000084 4CF4                   MOVMU.L     @R15+,R12
    00000086 A002                   BRA         __$Tx2Send
    00000088 0009                   NOP
    0000008A              L30:
    0000008A 4CF4                   MOVMU.L     @R15+,R12
    0000008C 006B                   RTS/N
            tsktxEx.c        105              break;
            tsktxEx.c        106      }
            tsktxEx.c        107    }
            tsktxEx.c        108    
            tsktxEx.c        109    /******************************************************************************
            tsktxEx.c        110    * 
            tsktxEx.c        111    * [概要]  シリアル２データ送信
            tsktxEx.c        112    * 
            tsktxEx.c        113    * 
            tsktxEx.c        114    * 
            tsktxEx.c        115    ******************************************************************************/
            tsktxEx.c        116    static void Tx2Send( UB senddata )
    0000008E              __$Tx2Send:                      ; function: __$Tx2Send
                                                           ; frame size=12
    0000008E 4DF0                   MOVMU.L     R13,@-R15
    00000090 EE90                   MOV         #-112,R14  ; H'FFFFFF90
    00000092 6D43                   MOV         R4,R13
    00000094 A003                   BRA         L43
    00000096 4E18                   SHLL8       R14
    00000098              L44:
            tsktxEx.c        117    {
            tsktxEx.c        118      while( 0 == SCI2.SCSSR.BIT.TDRE )
            tsktxEx.c        119      {
            tsktxEx.c        120          sio_CheckError( &SCI2 );
    00000098 D20B                   MOV.L       L46+18,R2  ; _sio_CheckError
    0000009A 420B                   JSR         @R2
    0000009C 64E3                   MOV         R14,R4
    0000009E              L43:
    0000009E 3E79B008               BLDNOT.B    #7,@(8,R14)
    000000A2 89F9                   BT          L44
    000000A4 E400                   MOV         #0,R4      ; H'00000000
            tsktxEx.c        121      }
            tsktxEx.c        122      SCI2.SCTDR = senddata;
    000000A6 60D3                   MOV         R13,R0
    000000A8 80E6                   MOV.B       R0,@(6,R14)
            tsktxEx.c        123      SCI2.SCSSR.BIT.TDRE = 0;
    000000AA 3E790008               BCLR.B      #7,@(8,R14)
            tsktxEx.c        124    
            tsktxEx.c        125      rot_rdq( TPRI_SELF );
    000000AE D207                   MOV.L       L46+22,R2  ; _v4_rot_rdq
    000000B0 4DF4                   MOVMU.L     @R15+,R13
    000000B2 422B                   JMP         @R2
    000000B4 0009                   NOP
    000000B6              L46:
    000000B6 00000002               .RES.W      1
    000000B8 <00000000>             .DATA.L     _v4_trcv_mbx
    000000BC <00000000>             .DATA.L     L47
    000000C0 <00000000>             .DATA.L     _api_rel_mpf
    000000C4 <00000000>             .DATA.L     _MentePcSendbuf
    000000C8 <00000000>             .DATA.L     _sio_CheckError
    000000CC <00000000>             .DATA.L     _v4_rot_rdq
            tsktxEx.c        126    }
            tsktxEx.c        127    
C   00000000              L47:
    00000000 433A5C576F             .SDATA      "C:\WorkSpace\QuickGene\Soft_Firm\QuickGene_Project\tsktxEx.c"
             726B537061   
             63655C5175   
             69636B4765   
             6E655C536F   
             66745F4669   
             726D5C5175   
             69636B4765   
             6E655F5072   
             6F6A656374   
             5C74736B74   
             7845782E63   
    0000003C 00                     .DATA.B     H'00
SH SERIES C/C++ Compiler (V.9.04.03.000)                                                         07-Sep-2023 20:41:39  PAGE    1


******** STATISTICS INFORMATION ********


********** ERROR INFORMATION ***********

NUMBER OF ERRORS:           0
NUMBER OF WARNINGS:         0




******* SOURCE LINE INFORMATION ********

COMPILED SOURCE LINE:      127



******* SECTION SIZE INFORMATION *******

PROGRAM  SECTION (P):                                 000000D0 Byte(s)
CONSTANT SECTION (C):                                 0000003D Byte(s)
DATA     SECTION (D):                                 00000000 Byte(s)
BSS      SECTION (B):                                 00000000 Byte(s)

TOTAL PROGRAM  SECTION: 000000D0 Byte(s)
TOTAL CONSTANT SECTION: 0000003D Byte(s)
TOTAL DATA     SECTION: 00000000 Byte(s)
TOTAL BSS      SECTION: 00000000 Byte(s)

    TOTAL PROGRAM SIZE: 0000010D Byte(s)



********** LABEL INFORMATION ***********

NUMBER OF EXTERNAL REFERENCE SYMBOLS:            5
NUMBER OF EXTERNAL DEFINITION SYMBOLS:           1
NUMBER OF INTERNAL/EXTERNAL SYMBOLS:            18



*** COMMAND PARAMETER ***

-subcommand=C:\WorkSpace\QuickGene\Soft_Firm\QuickGene_Project\SHC9\QuickGene_Hew\ROM_Big\tsktxEx.shc
-cpu=sh2a
-include="C:\NORTi\INC","C:\NORTi\INC\Dummy","C:\NORTi\INC","C:\NORTi\LIB"
-object="C:\WorkSpace\QuickGene\Soft_Firm\QuickGene_Project\SHC9\QuickGene_Hew\ROM_Big\tsktxEx.obj"
-debug
-listfile="C:\WorkSpace\QuickGene\Soft_Firm\QuickGene_Project\SHC9\QuickGene_Hew\ROM_Big\tsktxEx.lst"
-show=source,tab=4
-gbr=auto
-chgincpath
-errorpath
"C:\WorkSpace\QuickGene\Soft_Firm\QuickGene_Project\tsktxEx.c"
-global_volatile=0
-opt_range=all
-infinite_loop=0
-del_vacant_loop=0
-struct_alloc=1
-lang=c
-nologo
